<?xml version="1.0" encoding="UTF-8"?>
<testsuite name="dev.devlink.member.service.MemberServiceTest" tests="7" skipped="0" failures="0" errors="0" timestamp="2025-06-23T17:13:33.933Z" hostname="kims-MacBook-Pro.local" time="0.642">
  <properties/>
  <testcase name="로그인 실패 테스트" classname="dev.devlink.member.service.MemberServiceTest" time="0.615"/>
  <testcase name="패스워드 인코딩 확인 테스트" classname="dev.devlink.member.service.MemberServiceTest" time="0.008"/>
  <testcase name="이메일 중복 예외 발생 테스트" classname="dev.devlink.member.service.MemberServiceTest" time="0.004"/>
  <testcase name="로그인 성공 테스트" classname="dev.devlink.member.service.MemberServiceTest" time="0.005"/>
  <testcase name="회원가입 성공 테스트" classname="dev.devlink.member.service.MemberServiceTest" time="0.002"/>
  <testcase name="닉네임 중복 예외 발생 테스트" classname="dev.devlink.member.service.MemberServiceTest" time="0.002"/>
  <testcase name="회원 정보가 정확히 저장되는지 테스트" classname="dev.devlink.member.service.MemberServiceTest" time="0.003"/>
  <system-out><![CDATA[]]></system-out>
  <system-err><![CDATA[Mockito is currently self-attaching to enable the inline-mock-maker. This will no longer work in future releases of the JDK. Please add Mockito as an agent to your build as described in Mockito's documentation: https://javadoc.io/doc/org.mockito/mockito-core/latest/org.mockito/org/mockito/Mockito.html#0.3
WARNING: A Java agent has been loaded dynamically (/Users/kimminseok/.gradle/caches/modules-2/files-2.1/net.bytebuddy/byte-buddy-agent/1.17.6/17b32fd9f57deef02842f7f05abc4ad8127fe34e/byte-buddy-agent-1.17.6.jar)
WARNING: If a serviceability tool is in use, please run with -XX:+EnableDynamicAgentLoading to hide this warning
WARNING: If a serviceability tool is not in use, please run with -Djdk.instrument.traceUsage for more information
WARNING: Dynamic loading of agents will be disallowed by default in a future release
]]></system-err>
</testsuite>
